Using pre-set license
Built from '2020.3/staging' branch; Version is '2020.3.24f1 (79c78de19888) revision 7980941'; Using compiler version '192528614'; Build Type 'Release'
OS: 'Windows 10  (10.0.19042) 64bit Professional' Language: 'ru' Physical Memory: 16316 MB
BatchMode: 1, IsHumanControllingUs: 0, StartBugReporterOnCrash: 0, Is64bit: 1, IsPro: 0

COMMAND LINE ARGUMENTS:
D:\UnityEditor\2020.3.24f1\Editor\Unity.exe
-adb2
-batchMode
-noUpm
-name
AssetImportWorker0
-projectPath
D:/UnityProjects/Zombie-Wars
-logFile
Logs/AssetImportWorker0.log
-srvPort
49422
Successfully changed project path to: D:/UnityProjects/Zombie-Wars
D:/UnityProjects/Zombie-Wars
Using Asset Import Pipeline V2.
Refreshing native plugins compatible for Editor in 75.67 ms, found 2 plugins.
Preloading 0 native plugins for Editor in 0.00 ms.
Initialize engine version: 2020.3.24f1 (79c78de19888)
[Subsystems] Discovering subsystems at path D:/UnityEditor/2020.3.24f1/Editor/Data/Resources/UnitySubsystems
[Subsystems] Discovering subsystems at path D:/UnityProjects/Zombie-Wars/Assets
GfxDevice: creating device client; threaded=0
Direct3D:
    Version:  Direct3D 11.0 [level 11.1]
    Renderer: Radeon RX 580 Series (ID=0x67df)
    Vendor:   
    VRAM:     8171 MB
    Driver:   30.0.14011.3017
Initialize mono
Mono path[0] = 'D:/UnityEditor/2020.3.24f1/Editor/Data/Managed'
Mono path[1] = 'D:/UnityEditor/2020.3.24f1/Editor/Data/MonoBleedingEdge/lib/mono/unityjit'
Mono config path = 'D:/UnityEditor/2020.3.24f1/Editor/Data/MonoBleedingEdge/etc'
Using monoOptions --debugger-agent=transport=dt_socket,embedding=1,server=y,suspend=n,address=127.0.0.1:56460
Begin MonoManager ReloadAssembly
Registering precompiled unity dll's ...
Register platform support module: D:/UnityEditor/2020.3.24f1/Editor/Data/PlaybackEngines/WindowsStandaloneSupport/UnityEditor.WindowsStandalone.Extensions.dll
Registered in 0.001701 seconds.
Native extension for WindowsStandalone target not found
Refreshing native plugins compatible for Editor in 70.62 ms, found 2 plugins.
Preloading 0 native plugins for Editor in 0.00 ms.
Mono: successfully reloaded assembly
- Completed reload, in  0.976 seconds
Domain Reload Profiling:
	ReloadAssembly (976ms)
		BeginReloadAssembly (100ms)
			ExecutionOrderSort (0ms)
			DisableScriptedObjects (0ms)
			BackupInstance (0ms)
			ReleaseScriptingObjects (0ms)
			CreateAndSetChildDomain (1ms)
		EndReloadAssembly (763ms)
			LoadAssemblies (100ms)
			RebuildTransferFunctionScriptingTraits (0ms)
			SetupTypeCache (271ms)
			ReleaseScriptCaches (0ms)
			RebuildScriptCaches (55ms)
			SetupLoadedEditorAssemblies (265ms)
				LogAssemblyErrors (0ms)
				InitializePlatformSupportModulesInManaged (7ms)
				SetLoadedEditorAssemblies (1ms)
				RefreshPlugins (71ms)
				BeforeProcessingInitializeOnLoad (23ms)
				ProcessInitializeOnLoadAttributes (116ms)
				ProcessInitializeOnLoadMethodAttributes (47ms)
				AfterProcessingInitializeOnLoad (0ms)
				EditorAssembliesLoaded (0ms)
			ExecutionOrderSort2 (0ms)
			AwakeInstancesAfterBackupRestoration (0ms)
Platform modules already initialized, skipping
Registering precompiled user dll's ...
Registered in 0.006131 seconds.
Begin MonoManager ReloadAssembly
OnLevelWasLoaded was found on GameManager
This message has been deprecated and will be removed in a later version of Unity.
Add a delegate to SceneManager.sceneLoaded instead to get notifications after scene loading has completed
Native extension for WindowsStandalone target not found
Refreshing native plugins compatible for Editor in 128.07 ms, found 2 plugins.
Preloading 0 native plugins for Editor in 0.00 ms.
Mono: successfully reloaded assembly
- Completed reload, in  2.057 seconds
Domain Reload Profiling:
	ReloadAssembly (2058ms)
		BeginReloadAssembly (300ms)
			ExecutionOrderSort (0ms)
			DisableScriptedObjects (9ms)
			BackupInstance (0ms)
			ReleaseScriptingObjects (0ms)
			CreateAndSetChildDomain (30ms)
		EndReloadAssembly (1666ms)
			LoadAssemblies (210ms)
			RebuildTransferFunctionScriptingTraits (0ms)
			SetupTypeCache (465ms)
			ReleaseScriptCaches (1ms)
			RebuildScriptCaches (91ms)
			SetupLoadedEditorAssemblies (768ms)
				LogAssemblyErrors (0ms)
				InitializePlatformSupportModulesInManaged (6ms)
				SetLoadedEditorAssemblies (0ms)
				RefreshPlugins (128ms)
				BeforeProcessingInitializeOnLoad (110ms)
				ProcessInitializeOnLoadAttributes (510ms)
				ProcessInitializeOnLoadMethodAttributes (8ms)
				AfterProcessingInitializeOnLoad (5ms)
				EditorAssembliesLoaded (0ms)
			ExecutionOrderSort2 (0ms)
			AwakeInstancesAfterBackupRestoration (10ms)
Platform modules already initialized, skipping
========================================================================
Worker process is ready to serve import requests
Launched and connected shader compiler UnityShaderCompiler.exe after 0.19 seconds
Refreshing native plugins compatible for Editor in 1.15 ms, found 2 plugins.
Preloading 0 native plugins for Editor in 0.00 ms.
Unloading 1978 Unused Serialized files (Serialized files now loaded: 0)
System memory in use before: 105.6 MB.
System memory in use after: 105.7 MB.

Unloading 33 unused Assets to reduce memory usage. Loaded Objects now: 2425.
Total: 5.147100 ms (FindLiveObjects: 0.322800 ms CreateObjectMapping: 0.068400 ms MarkObjects: 4.695600 ms  DeleteObjects: 0.057800 ms)

AssetImportParameters requested are different than current active one (requested -> active):
  custom:framework-win-MediaFoundation: 216162199b28c13a410421893ffa2e32 -> 
  custom:video-decoder-ogg-theora: a1e56fd34408186e4bbccfd4996cb3dc -> 
  custom:container-muxer-webm: aa71ff27fc2769a1b78a27578f13a17b -> 
  custom:container-demuxer-webm: 4f35f7cbe854078d1ac9338744f61a02 -> 
  custom:container-demuxer-ogg: 62fdf1f143b41e24485cea50d1cbac27 -> 
  custom:video-encoder-webm-vp8: eb34c28f22e8b96e1ab97ce403110664 -> 
  custom:video-decoder-webm-vp8: 9c59270c3fd7afecdb556c50c9e8de78 -> 
  custom:audio-decoder-ogg-vorbis: bf7c407c2cedff20999df2af8eb42d56 -> 
  custom:audio-encoder-webm-vorbis: bf7c407c2cedff20999df2af8eb42d56 -> 
========================================================================
Received Import Request.
  path: Assets/Characters/character1.asset
  artifactKey: Guid(ebcc195173b83e04e995d1be2b37a826) Importer(815301076,1909f56bfc062723c751e8b465ee728b)
Start importing Assets/Characters/character1.asset using Guid(ebcc195173b83e04e995d1be2b37a826) Importer(815301076,1909f56bfc062723c751e8b465ee728b)  -> (artifact id: '544c204e112a4ed1f4fbbcec2972f148') in 0.070535 seconds 
  Import took 0.094515 seconds .

========================================================================
Received Import Request.
  Time since last request: 0.000270 seconds.
  path: Assets/Characters/character.asset
  artifactKey: Guid(c320169fc10aee44c91c79096304d0ed) Importer(815301076,1909f56bfc062723c751e8b465ee728b)
Start importing Assets/Characters/character.asset using Guid(c320169fc10aee44c91c79096304d0ed) Importer(815301076,1909f56bfc062723c751e8b465ee728b)  -> (artifact id: '26136d6b652cc4d674d6a412a7820264') in 0.013464 seconds 
  Import took 0.017891 seconds .

========================================================================
Received Import Request.
  Time since last request: 10.504501 seconds.
  path: Assets/ReflectionProbe-0.exr
  artifactKey: Guid(f6e97d58aef6f5d428a0f0062b99ef7b) Importer(815301076,1909f56bfc062723c751e8b465ee728b)
Start importing Assets/ReflectionProbe-0.exr using Guid(f6e97d58aef6f5d428a0f0062b99ef7b) Importer(815301076,1909f56bfc062723c751e8b465ee728b)  -> (artifact id: 'a23832027f919afcfdbdb72c4c442e8b') in 0.127017 seconds 
  Import took 0.150183 seconds .

========================================================================
Received Import Request.
  Time since last request: 3.780134 seconds.
  path: Assets/Characters
  artifactKey: Guid(eaa5d61babae3ae40b3ba2f068600e00) Importer(815301076,1909f56bfc062723c751e8b465ee728b)
Start importing Assets/Characters using Guid(eaa5d61babae3ae40b3ba2f068600e00) Importer(815301076,1909f56bfc062723c751e8b465ee728b)  -> (artifact id: '87c6c1947b9194d536e15fb74943eae0') in 0.004758 seconds 
  Import took 0.009094 seconds .

========================================================================
Received Import Request.
  Time since last request: 2.611454 seconds.
  path: Assets/Prefabs/Sphere.prefab
  artifactKey: Guid(4c038fcb30384734898649f17ab7c2e0) Importer(815301076,1909f56bfc062723c751e8b465ee728b)
Start importing Assets/Prefabs/Sphere.prefab using Guid(4c038fcb30384734898649f17ab7c2e0) Importer(815301076,1909f56bfc062723c751e8b465ee728b)  -> (artifact id: '061f9ddd6ad24901e835a84128c38af7') in 0.099467 seconds 
  Import took 0.113413 seconds .

========================================================================
Received Import Request.
  Time since last request: 3.504679 seconds.
  path: Assets/Prefabs/Characters/Player.prefab
  artifactKey: Guid(e708ecbc692657d4f885ad30ae433a69) Importer(815301076,1909f56bfc062723c751e8b465ee728b)
Start importing Assets/Prefabs/Characters/Player.prefab using Guid(e708ecbc692657d4f885ad30ae433a69) Importer(815301076,1909f56bfc062723c751e8b465ee728b)  -> (artifact id: '3992269cabd66b8a5a775417ca77b3e4') in 0.033554 seconds 
  Import took 0.037741 seconds .

========================================================================
Received Import Request.
  Time since last request: 0.000241 seconds.
  path: Assets/Prefabs/Characters/PlayerContainer.prefab
  artifactKey: Guid(2f6dd021b360ae449925c4ab8b2e1185) Importer(815301076,1909f56bfc062723c751e8b465ee728b)
Start importing Assets/Prefabs/Characters/PlayerContainer.prefab using Guid(2f6dd021b360ae449925c4ab8b2e1185) Importer(815301076,1909f56bfc062723c751e8b465ee728b)  -> (artifact id: '9299a2c0aa92403a85231773ce1ff039') in 0.021578 seconds 
  Import took 0.057166 seconds .

========================================================================
Received Prepare
Registering precompiled user dll's ...
Registered in 0.004921 seconds.
OnLevelWasLoaded was found on GameManager
This message has been deprecated and will be removed in a later version of Unity.
Add a delegate to SceneManager.sceneLoaded instead to get notifications after scene loading has completed
Begin MonoManager ReloadAssembly
OnLevelWasLoaded was found on GameManager
This message has been deprecated and will be removed in a later version of Unity.
Add a delegate to SceneManager.sceneLoaded instead to get notifications after scene loading has completed
Native extension for WindowsStandalone target not found
Refreshing native plugins compatible for Editor in 1.08 ms, found 2 plugins.
Preloading 0 native plugins for Editor in 0.00 ms.
Mono: successfully reloaded assembly
- Completed reload, in  1.465 seconds
Domain Reload Profiling:
	ReloadAssembly (1466ms)
		BeginReloadAssembly (172ms)
			ExecutionOrderSort (0ms)
			DisableScriptedObjects (7ms)
			BackupInstance (0ms)
			ReleaseScriptingObjects (0ms)
			CreateAndSetChildDomain (50ms)
		EndReloadAssembly (1213ms)
			LoadAssemblies (139ms)
			RebuildTransferFunctionScriptingTraits (0ms)
			SetupTypeCache (400ms)
			ReleaseScriptCaches (1ms)
			RebuildScriptCaches (62ms)
			SetupLoadedEditorAssemblies (514ms)
				LogAssemblyErrors (0ms)
				InitializePlatformSupportModulesInManaged (6ms)
				SetLoadedEditorAssemblies (1ms)
				RefreshPlugins (1ms)
				BeforeProcessingInitializeOnLoad (95ms)
				ProcessInitializeOnLoadAttributes (402ms)
				ProcessInitializeOnLoadMethodAttributes (5ms)
				AfterProcessingInitializeOnLoad (3ms)
				EditorAssembliesLoaded (0ms)
			ExecutionOrderSort2 (0ms)
			AwakeInstancesAfterBackupRestoration (9ms)
Platform modules already initialized, skipping
Refreshing native plugins compatible for Editor in 0.67 ms, found 2 plugins.
Preloading 0 native plugins for Editor in 0.00 ms.
Unloading 1971 Unused Serialized files (Serialized files now loaded: 0)
System memory in use before: 108.9 MB.
System memory in use after: 109.1 MB.

Unloading 29 unused Assets to reduce memory usage. Loaded Objects now: 2461.
Total: 4.181000 ms (FindLiveObjects: 0.267400 ms CreateObjectMapping: 0.052100 ms MarkObjects: 3.829200 ms  DeleteObjects: 0.030100 ms)

AssetImportParameters requested are different than current active one (requested -> active):
  custom:framework-win-MediaFoundation: 216162199b28c13a410421893ffa2e32 -> 
  custom:video-decoder-ogg-theora: a1e56fd34408186e4bbccfd4996cb3dc -> 
  custom:container-muxer-webm: aa71ff27fc2769a1b78a27578f13a17b -> 
  custom:container-demuxer-webm: 4f35f7cbe854078d1ac9338744f61a02 -> 
  custom:container-demuxer-ogg: 62fdf1f143b41e24485cea50d1cbac27 -> 
  custom:video-encoder-webm-vp8: eb34c28f22e8b96e1ab97ce403110664 -> 
  custom:video-decoder-webm-vp8: 9c59270c3fd7afecdb556c50c9e8de78 -> 
  custom:audio-decoder-ogg-vorbis: bf7c407c2cedff20999df2af8eb42d56 -> 
  custom:audio-encoder-webm-vorbis: bf7c407c2cedff20999df2af8eb42d56 -> 
========================================================================
Received Prepare
Registering precompiled user dll's ...
Registered in 0.006116 seconds.
OnLevelWasLoaded was found on GameManager
This message has been deprecated and will be removed in a later version of Unity.
Add a delegate to SceneManager.sceneLoaded instead to get notifications after scene loading has completed
Begin MonoManager ReloadAssembly
OnLevelWasLoaded was found on GameManager
This message has been deprecated and will be removed in a later version of Unity.
Add a delegate to SceneManager.sceneLoaded instead to get notifications after scene loading has completed
Native extension for WindowsStandalone target not found
Refreshing native plugins compatible for Editor in 0.63 ms, found 2 plugins.
Preloading 0 native plugins for Editor in 0.00 ms.
Mono: successfully reloaded assembly
- Completed reload, in  1.449 seconds
Domain Reload Profiling:
	ReloadAssembly (1450ms)
		BeginReloadAssembly (167ms)
			ExecutionOrderSort (0ms)
			DisableScriptedObjects (5ms)
			BackupInstance (0ms)
			ReleaseScriptingObjects (0ms)
			CreateAndSetChildDomain (44ms)
		EndReloadAssembly (1202ms)
			LoadAssemblies (138ms)
			RebuildTransferFunctionScriptingTraits (0ms)
			SetupTypeCache (372ms)
			ReleaseScriptCaches (1ms)
			RebuildScriptCaches (63ms)
			SetupLoadedEditorAssemblies (528ms)
				LogAssemblyErrors (0ms)
				InitializePlatformSupportModulesInManaged (6ms)
				SetLoadedEditorAssemblies (1ms)
				RefreshPlugins (1ms)
				BeforeProcessingInitializeOnLoad (99ms)
				ProcessInitializeOnLoadAttributes (412ms)
				ProcessInitializeOnLoadMethodAttributes (5ms)
				AfterProcessingInitializeOnLoad (3ms)
				EditorAssembliesLoaded (0ms)
			ExecutionOrderSort2 (0ms)
			AwakeInstancesAfterBackupRestoration (8ms)
Platform modules already initialized, skipping
Refreshing native plugins compatible for Editor in 1.63 ms, found 2 plugins.
Preloading 0 native plugins for Editor in 0.00 ms.
Unloading 1971 Unused Serialized files (Serialized files now loaded: 0)
System memory in use before: 109.0 MB.
System memory in use after: 109.1 MB.

Unloading 28 unused Assets to reduce memory usage. Loaded Objects now: 2463.
Total: 4.483800 ms (FindLiveObjects: 0.283300 ms CreateObjectMapping: 0.057500 ms MarkObjects: 4.111900 ms  DeleteObjects: 0.029100 ms)

AssetImportParameters requested are different than current active one (requested -> active):
  custom:framework-win-MediaFoundation: 216162199b28c13a410421893ffa2e32 -> 
  custom:video-decoder-ogg-theora: a1e56fd34408186e4bbccfd4996cb3dc -> 
  custom:container-muxer-webm: aa71ff27fc2769a1b78a27578f13a17b -> 
  custom:container-demuxer-webm: 4f35f7cbe854078d1ac9338744f61a02 -> 
  custom:container-demuxer-ogg: 62fdf1f143b41e24485cea50d1cbac27 -> 
  custom:video-encoder-webm-vp8: eb34c28f22e8b96e1ab97ce403110664 -> 
  custom:video-decoder-webm-vp8: 9c59270c3fd7afecdb556c50c9e8de78 -> 
  custom:audio-decoder-ogg-vorbis: bf7c407c2cedff20999df2af8eb42d56 -> 
  custom:audio-encoder-webm-vorbis: bf7c407c2cedff20999df2af8eb42d56 -> 
========================================================================
Received Prepare
Registering precompiled user dll's ...
Registered in 0.005108 seconds.
OnLevelWasLoaded was found on GameManager
This message has been deprecated and will be removed in a later version of Unity.
Add a delegate to SceneManager.sceneLoaded instead to get notifications after scene loading has completed
Begin MonoManager ReloadAssembly
OnLevelWasLoaded was found on GameManager
This message has been deprecated and will be removed in a later version of Unity.
Add a delegate to SceneManager.sceneLoaded instead to get notifications after scene loading has completed
Native extension for WindowsStandalone target not found
Refreshing native plugins compatible for Editor in 0.68 ms, found 2 plugins.
Preloading 0 native plugins for Editor in 0.00 ms.
Mono: successfully reloaded assembly
- Completed reload, in  1.518 seconds
Domain Reload Profiling:
	ReloadAssembly (1519ms)
		BeginReloadAssembly (186ms)
			ExecutionOrderSort (0ms)
			DisableScriptedObjects (6ms)
			BackupInstance (0ms)
			ReleaseScriptingObjects (0ms)
			CreateAndSetChildDomain (50ms)
		EndReloadAssembly (1251ms)
			LoadAssemblies (150ms)
			RebuildTransferFunctionScriptingTraits (0ms)
			SetupTypeCache (382ms)
			ReleaseScriptCaches (2ms)
			RebuildScriptCaches (75ms)
			SetupLoadedEditorAssemblies (554ms)
				LogAssemblyErrors (0ms)
				InitializePlatformSupportModulesInManaged (5ms)
				SetLoadedEditorAssemblies (1ms)
				RefreshPlugins (1ms)
				BeforeProcessingInitializeOnLoad (107ms)
				ProcessInitializeOnLoadAttributes (430ms)
				ProcessInitializeOnLoadMethodAttributes (6ms)
				AfterProcessingInitializeOnLoad (4ms)
				EditorAssembliesLoaded (0ms)
			ExecutionOrderSort2 (0ms)
			AwakeInstancesAfterBackupRestoration (9ms)
Platform modules already initialized, skipping
Refreshing native plugins compatible for Editor in 0.87 ms, found 2 plugins.
Preloading 0 native plugins for Editor in 0.00 ms.
Unloading 1971 Unused Serialized files (Serialized files now loaded: 0)
System memory in use before: 109.0 MB.
System memory in use after: 109.1 MB.

Unloading 28 unused Assets to reduce memory usage. Loaded Objects now: 2465.
Total: 4.606700 ms (FindLiveObjects: 0.247500 ms CreateObjectMapping: 0.051900 ms MarkObjects: 4.276100 ms  DeleteObjects: 0.029100 ms)

AssetImportParameters requested are different than current active one (requested -> active):
  custom:framework-win-MediaFoundation: 216162199b28c13a410421893ffa2e32 -> 
  custom:video-decoder-ogg-theora: a1e56fd34408186e4bbccfd4996cb3dc -> 
  custom:container-muxer-webm: aa71ff27fc2769a1b78a27578f13a17b -> 
  custom:container-demuxer-webm: 4f35f7cbe854078d1ac9338744f61a02 -> 
  custom:container-demuxer-ogg: 62fdf1f143b41e24485cea50d1cbac27 -> 
  custom:video-encoder-webm-vp8: eb34c28f22e8b96e1ab97ce403110664 -> 
  custom:video-decoder-webm-vp8: 9c59270c3fd7afecdb556c50c9e8de78 -> 
  custom:audio-decoder-ogg-vorbis: bf7c407c2cedff20999df2af8eb42d56 -> 
  custom:audio-encoder-webm-vorbis: bf7c407c2cedff20999df2af8eb42d56 -> 
========================================================================
Received Prepare
Registering precompiled user dll's ...
Registered in 0.005344 seconds.
OnLevelWasLoaded was found on GameManager
This message has been deprecated and will be removed in a later version of Unity.
Add a delegate to SceneManager.sceneLoaded instead to get notifications after scene loading has completed
Begin MonoManager ReloadAssembly
OnLevelWasLoaded was found on GameManager
This message has been deprecated and will be removed in a later version of Unity.
Add a delegate to SceneManager.sceneLoaded instead to get notifications after scene loading has completed
Native extension for WindowsStandalone target not found
Refreshing native plugins compatible for Editor in 0.61 ms, found 2 plugins.
Preloading 0 native plugins for Editor in 0.00 ms.
Mono: successfully reloaded assembly
- Completed reload, in  1.450 seconds
Domain Reload Profiling:
	ReloadAssembly (1450ms)
		BeginReloadAssembly (162ms)
			ExecutionOrderSort (0ms)
			DisableScriptedObjects (9ms)
			BackupInstance (0ms)
			ReleaseScriptingObjects (0ms)
			CreateAndSetChildDomain (41ms)
		EndReloadAssembly (1210ms)
			LoadAssemblies (160ms)
			RebuildTransferFunctionScriptingTraits (0ms)
			SetupTypeCache (373ms)
			ReleaseScriptCaches (1ms)
			RebuildScriptCaches (60ms)
			SetupLoadedEditorAssemblies (510ms)
				LogAssemblyErrors (0ms)
				InitializePlatformSupportModulesInManaged (5ms)
				SetLoadedEditorAssemblies (1ms)
				RefreshPlugins (1ms)
				BeforeProcessingInitializeOnLoad (95ms)
				ProcessInitializeOnLoadAttributes (398ms)
				ProcessInitializeOnLoadMethodAttributes (6ms)
				AfterProcessingInitializeOnLoad (3ms)
				EditorAssembliesLoaded (0ms)
			ExecutionOrderSort2 (0ms)
			AwakeInstancesAfterBackupRestoration (9ms)
Platform modules already initialized, skipping
Refreshing native plugins compatible for Editor in 0.60 ms, found 2 plugins.
Preloading 0 native plugins for Editor in 0.00 ms.
Unloading 1971 Unused Serialized files (Serialized files now loaded: 0)
System memory in use before: 109.0 MB.
System memory in use after: 109.1 MB.

Unloading 28 unused Assets to reduce memory usage. Loaded Objects now: 2467.
Total: 3.971500 ms (FindLiveObjects: 0.223800 ms CreateObjectMapping: 0.051300 ms MarkObjects: 3.668800 ms  DeleteObjects: 0.025500 ms)

AssetImportParameters requested are different than current active one (requested -> active):
  custom:framework-win-MediaFoundation: 216162199b28c13a410421893ffa2e32 -> 
  custom:video-decoder-ogg-theora: a1e56fd34408186e4bbccfd4996cb3dc -> 
  custom:container-muxer-webm: aa71ff27fc2769a1b78a27578f13a17b -> 
  custom:container-demuxer-webm: 4f35f7cbe854078d1ac9338744f61a02 -> 
  custom:container-demuxer-ogg: 62fdf1f143b41e24485cea50d1cbac27 -> 
  custom:video-encoder-webm-vp8: eb34c28f22e8b96e1ab97ce403110664 -> 
  custom:video-decoder-webm-vp8: 9c59270c3fd7afecdb556c50c9e8de78 -> 
  custom:audio-decoder-ogg-vorbis: bf7c407c2cedff20999df2af8eb42d56 -> 
  custom:audio-encoder-webm-vorbis: bf7c407c2cedff20999df2af8eb42d56 -> 
========================================================================
Received Import Request.
  Time since last request: 201.804964 seconds.
  path: Assets/WeaponsSettings/Pistol.asset
  artifactKey: Guid(4610f276e6b488046973071574c85601) Importer(815301076,1909f56bfc062723c751e8b465ee728b)
Start importing Assets/WeaponsSettings/Pistol.asset using Guid(4610f276e6b488046973071574c85601) Importer(815301076,1909f56bfc062723c751e8b465ee728b)  -> (artifact id: 'b1444576be90b145679a91f1ef00acc5') in 0.053973 seconds 
  Import took 0.058217 seconds .

========================================================================
Received Import Request.
  Time since last request: 0.000215 seconds.
  path: Assets/WeaponsSettings/ShotGun.asset
  artifactKey: Guid(05d7597040c265e4f84c0fc4ac1669d6) Importer(815301076,1909f56bfc062723c751e8b465ee728b)
Start importing Assets/WeaponsSettings/ShotGun.asset using Guid(05d7597040c265e4f84c0fc4ac1669d6) Importer(815301076,1909f56bfc062723c751e8b465ee728b)  -> (artifact id: '5ea10f4b94c13befbc7fe7a6ec978f23') in 0.010522 seconds 
  Import took 0.014199 seconds .

========================================================================
Received Import Request.
  Time since last request: 13.872696 seconds.
  path: Assets/Low Poly Weapons VOL.1/Textures_Guns.png
  artifactKey: Guid(6a376fb3e11ce334ca96f417cead6576) Importer(815301076,1909f56bfc062723c751e8b465ee728b)
Start importing Assets/Low Poly Weapons VOL.1/Textures_Guns.png using Guid(6a376fb3e11ce334ca96f417cead6576) Importer(815301076,1909f56bfc062723c751e8b465ee728b)  -> (artifact id: 'f400ac362c780e7f3200726f4518c1ad') in 0.261573 seconds 
  Import took 0.265329 seconds .

========================================================================
Received Import Request.
  Time since last request: 17.666068 seconds.
  path: Assets/Prefabs/Enemies/Zombie.prefab
  artifactKey: Guid(6ba652db667ed0445aa74ca8017dc319) Importer(815301076,1909f56bfc062723c751e8b465ee728b)
Start importing Assets/Prefabs/Enemies/Zombie.prefab using Guid(6ba652db667ed0445aa74ca8017dc319) Importer(815301076,1909f56bfc062723c751e8b465ee728b)  -> (artifact id: '1fe2975b70d083188ca38be440820946') in 0.120660 seconds 
  Import took 0.124595 seconds .

========================================================================
Received Import Request.
  Time since last request: 0.470419 seconds.
  path: Assets/Prefabs/Joystick/Слой 1.png
  artifactKey: Guid(ecfb5789ec9168d4fa896f47e793a67f) Importer(815301076,1909f56bfc062723c751e8b465ee728b)
Start importing Assets/Prefabs/Joystick/Слой 1.png using Guid(ecfb5789ec9168d4fa896f47e793a67f) Importer(815301076,1909f56bfc062723c751e8b465ee728b)  -> (artifact id: 'c66372bdbbb46f2f67607398387822e8') in 0.042047 seconds 
  Import took 0.046600 seconds .

========================================================================
Received Import Request.
  Time since last request: 0.000215 seconds.
  path: Assets/Prefabs/Joystick/Слой 4.png
  artifactKey: Guid(f1d4a2dd1cb015b42b1b91f86a29bd4b) Importer(815301076,1909f56bfc062723c751e8b465ee728b)
Start importing Assets/Prefabs/Joystick/Слой 4.png using Guid(f1d4a2dd1cb015b42b1b91f86a29bd4b) Importer(815301076,1909f56bfc062723c751e8b465ee728b)  -> (artifact id: 'c61b8417f85885f313fe1d13ff02c5bc') in 0.026022 seconds 
  Import took 0.042202 seconds .

========================================================================
Received Import Request.
  Time since last request: 0.000244 seconds.
  path: Assets/Prefabs/Joystick/Слой 5.png
  artifactKey: Guid(84610a4129819d241b4d48c94aa87cd2) Importer(815301076,1909f56bfc062723c751e8b465ee728b)
Start importing Assets/Prefabs/Joystick/Слой 5.png using Guid(84610a4129819d241b4d48c94aa87cd2) Importer(815301076,1909f56bfc062723c751e8b465ee728b)  -> (artifact id: '9ad00cca015bd651e9f57f30fe9d5d6f') in 0.020712 seconds 
  Import took 0.029552 seconds .

========================================================================
Received Import Request.
  Time since last request: 0.000237 seconds.
  path: Assets/Prefabs/Joystick/Слой 2.png
  artifactKey: Guid(78153edc3eacdd54bab8dee0fd5deaaa) Importer(815301076,1909f56bfc062723c751e8b465ee728b)
Start importing Assets/Prefabs/Joystick/Слой 2.png using Guid(78153edc3eacdd54bab8dee0fd5deaaa) Importer(815301076,1909f56bfc062723c751e8b465ee728b)  -> (artifact id: 'c663d432fdba5f15f60622c769361465') in 0.026910 seconds 
  Import took 0.031469 seconds .

========================================================================
Received Import Request.
  Time since last request: 0.804395 seconds.
  path: Assets/Prefabs/Levels/Environment.prefab
  artifactKey: Guid(89b98eb7e3456434886b86289c428132) Importer(815301076,1909f56bfc062723c751e8b465ee728b)
Start importing Assets/Prefabs/Levels/Environment.prefab using Guid(89b98eb7e3456434886b86289c428132) Importer(815301076,1909f56bfc062723c751e8b465ee728b)  -> (artifact id: '28272edd174fd38d93020853f00925ab') in 0.049052 seconds 
  Import took 0.064304 seconds .

========================================================================
Received Import Request.
  Time since last request: 3.742878 seconds.
  path: Assets/Scenes/Menu/LightingData.asset
  artifactKey: Guid(7b77ea6b05531194bb026f4ed06b71a6) Importer(815301076,1909f56bfc062723c751e8b465ee728b)
Start importing Assets/Scenes/Menu/LightingData.asset using Guid(7b77ea6b05531194bb026f4ed06b71a6) Importer(815301076,1909f56bfc062723c751e8b465ee728b)  -> (artifact id: '58652eb69a02cff337d6b1b8951d736b') in 0.009126 seconds 
  Import took 0.028769 seconds .

========================================================================
Received Import Request.
  Time since last request: 2.333768 seconds.
  path: Assets/Scripts/PlayerInputs.inputactions
  artifactKey: Guid(72d08ca14ed97a44e9d0fea65dc54fb6) Importer(815301076,1909f56bfc062723c751e8b465ee728b)
Start importing Assets/Scripts/PlayerInputs.inputactions using Guid(72d08ca14ed97a44e9d0fea65dc54fb6) Importer(815301076,1909f56bfc062723c751e8b465ee728b)  -> (artifact id: '28d42645551110edef3f443c2f1eb583') in 0.018951 seconds 
  Import took 0.031981 seconds .

========================================================================
Received Import Request.
  Time since last request: 3.592152 seconds.
  path: Assets/Zombies/SimpleZombie.asset
  artifactKey: Guid(a5d38b085d1a8614f8789240ea8a68f0) Importer(815301076,1909f56bfc062723c751e8b465ee728b)
Start importing Assets/Zombies/SimpleZombie.asset using Guid(a5d38b085d1a8614f8789240ea8a68f0) Importer(815301076,1909f56bfc062723c751e8b465ee728b)  -> (artifact id: 'ab8f1d8d4ed701e03aa5113f3c10c3b3') in 0.007518 seconds 
  Import took 0.011239 seconds .

AssetImportWorkerClient::OnTransportError - code=2 error=End of file
